[30m2020-12-10 09:07:54,350[0;39m [34mINFO [0;39m [[34mmain[0;39m] [33morg.springframework.boot.StartupInfoLogger[0;39m: Starting InternetBankingApplication on Lenovo-PC with PID 5952 (C:\Users\Suresh\Downloads\Eclipse_workspace\InternetBanking\InternetBanking\target\classes started by Suresh in C:\Users\Suresh\Downloads\Eclipse_workspace\InternetBanking\InternetBanking)
[30m2020-12-10 09:07:54,359[0;39m [34mINFO [0;39m [[34mmain[0;39m] [33morg.springframework.boot.SpringApplication[0;39m: No active profile set, falling back to default profiles: default
[30m2020-12-10 09:07:57,606[0;39m [34mINFO [0;39m [[34mmain[0;39m] [33morg.springframework.data.repository.config.RepositoryConfigurationDelegate[0;39m: Bootstrapping Spring Data JPA repositories in DEFERRED mode.
[30m2020-12-10 09:07:57,704[0;39m [34mINFO [0;39m [[34mmain[0;39m] [33morg.springframework.data.repository.config.RepositoryConfigurationDelegate[0;39m: Finished Spring Data repository scanning in 79ms. Found 0 JPA repository interfaces.
[30m2020-12-10 09:07:59,219[0;39m [34mINFO [0;39m [[34mmain[0;39m] [33morg.springframework.boot.web.embedded.tomcat.TomcatWebServer[0;39m: Tomcat initialized with port(s): 9090 (http)
[30m2020-12-10 09:07:59,249[0;39m [34mINFO [0;39m [[34mmain[0;39m] [33morg.apache.juli.logging.DirectJDKLog[0;39m: Initializing ProtocolHandler ["http-nio-9090"]
[30m2020-12-10 09:07:59,251[0;39m [34mINFO [0;39m [[34mmain[0;39m] [33morg.apache.juli.logging.DirectJDKLog[0;39m: Starting service [Tomcat]
[30m2020-12-10 09:07:59,252[0;39m [34mINFO [0;39m [[34mmain[0;39m] [33morg.apache.juli.logging.DirectJDKLog[0;39m: Starting Servlet engine: [Apache Tomcat/9.0.38]
[30m2020-12-10 09:07:59,573[0;39m [34mINFO [0;39m [[34mmain[0;39m] [33morg.apache.juli.logging.DirectJDKLog[0;39m: Initializing Spring embedded WebApplicationContext
[30m2020-12-10 09:07:59,574[0;39m [34mINFO [0;39m [[34mmain[0;39m] [33morg.springframework.boot.web.servlet.context.ServletWebServerApplicationContext[0;39m: Root WebApplicationContext: initialization completed in 4981 ms
[30m2020-12-10 09:08:00,191[0;39m [34mINFO [0;39m [[34mmain[0;39m] [33morg.hibernate.Version[0;39m: HHH000412: Hibernate ORM core version 5.4.21.Final
[30m2020-12-10 09:08:33,292[0;39m [34mINFO [0;39m [[34mmain[0;39m] [33morg.hibernate.annotations.common.reflection.java.JavaReflectionManager[0;39m: HCANN000001: Hibernate Commons Annotations {5.1.0.Final}
[30m2020-12-10 09:08:33,764[0;39m [34mINFO [0;39m [[34mmain[0;39m] [33morg.hibernate.dialect.Dialect[0;39m: HHH000400: Using dialect: org.hibernate.dialect.PostgreSQL82Dialect
[30m2020-12-10 09:08:37,823[0;39m [34mINFO [0;39m [[34mmain[0;39m] [33morg.hibernate.engine.transaction.jta.platform.internal.JtaPlatformInitiator[0;39m: HHH000490: Using JtaPlatform implementation: [org.hibernate.engine.transaction.jta.platform.internal.NoJtaPlatform]
[30m2020-12-10 09:08:38,504[0;39m [34mINFO [0;39m [[34mmain[0;39m] [33morg.springframework.security.web.DefaultSecurityFilterChain[0;39m: Creating filter chain: any request, [org.springframework.security.web.context.request.async.WebAsyncManagerIntegrationFilter@29e51c7c, org.springframework.security.web.context.SecurityContextPersistenceFilter@29d0a515, org.springframework.security.web.header.HeaderWriterFilter@642d27e3, org.springframework.security.web.authentication.logout.LogoutFilter@6fc1266f, org.springframework.security.web.savedrequest.RequestCacheAwareFilter@593ff2e2, org.springframework.security.web.servletapi.SecurityContextHolderAwareRequestFilter@6e00eed3, org.springframework.security.web.authentication.AnonymousAuthenticationFilter@6a0fe3a6, org.springframework.security.web.session.SessionManagementFilter@5489fac1, org.springframework.security.web.access.ExceptionTranslationFilter@7ed0afa3, org.springframework.security.web.access.intercept.FilterSecurityInterceptor@7c577e29]
[30m2020-12-10 09:08:38,836[0;39m [34mINFO [0;39m [[34mmain[0;39m] [33morg.springframework.scheduling.concurrent.ExecutorConfigurationSupport[0;39m: Initializing ExecutorService 'applicationTaskExecutor'
[30m2020-12-10 09:08:39,197[0;39m [31mWARN [0;39m [[34mmain[0;39m] [33morg.springframework.boot.autoconfigure.thymeleaf.ThymeleafAutoConfiguration$DefaultTemplateResolverConfiguration[0;39m: Cannot find template location: classpath:/templates/ (please add some templates or check your Thymeleaf configuration)
[30m2020-12-10 09:08:39,417[0;39m [34mINFO [0;39m [[34mmain[0;39m] [33morg.apache.juli.logging.DirectJDKLog[0;39m: Starting ProtocolHandler ["http-nio-9090"]
[30m2020-12-10 09:08:39,540[0;39m [34mINFO [0;39m [[34mmain[0;39m] [33morg.springframework.boot.web.embedded.tomcat.TomcatWebServer[0;39m: Tomcat started on port(s): 9090 (http) with context path ''
[30m2020-12-10 09:08:39,546[0;39m [34mINFO [0;39m [[34mmain[0;39m] [33morg.springframework.data.repository.config.DeferredRepositoryInitializationListener[0;39m: Triggering deferred initialization of Spring Data repositories…
[30m2020-12-10 09:08:39,548[0;39m [34mINFO [0;39m [[34mmain[0;39m] [33morg.springframework.data.repository.config.DeferredRepositoryInitializationListener[0;39m: Spring Data repositories initialized!
[30m2020-12-10 09:08:39,580[0;39m [34mINFO [0;39m [[34mmain[0;39m] [33morg.springframework.boot.StartupInfoLogger[0;39m: Started InternetBankingApplication in 46.72 seconds (JVM running for 50.328)
[30m2020-12-10 09:15:18,077[0;39m [34mINFO [0;39m [[34mmain[0;39m] [33morg.springframework.boot.StartupInfoLogger[0;39m: Starting InternetBankingApplication on Lenovo-PC with PID 7040 (C:\Users\Suresh\Downloads\Eclipse_workspace\InternetBanking\InternetBanking\target\classes started by Suresh in C:\Users\Suresh\Downloads\Eclipse_workspace\InternetBanking\InternetBanking)
[30m2020-12-10 09:15:18,092[0;39m [34mINFO [0;39m [[34mmain[0;39m] [33morg.springframework.boot.SpringApplication[0;39m: No active profile set, falling back to default profiles: default
[30m2020-12-10 09:15:20,598[0;39m [34mINFO [0;39m [[34mmain[0;39m] [33morg.springframework.data.repository.config.RepositoryConfigurationDelegate[0;39m: Bootstrapping Spring Data JPA repositories in DEFERRED mode.
[30m2020-12-10 09:15:20,700[0;39m [34mINFO [0;39m [[34mmain[0;39m] [33morg.springframework.data.repository.config.RepositoryConfigurationDelegate[0;39m: Finished Spring Data repository scanning in 87ms. Found 0 JPA repository interfaces.
[30m2020-12-10 09:15:22,435[0;39m [34mINFO [0;39m [[34mmain[0;39m] [33morg.springframework.boot.web.embedded.tomcat.TomcatWebServer[0;39m: Tomcat initialized with port(s): 9090 (http)
[30m2020-12-10 09:15:22,485[0;39m [34mINFO [0;39m [[34mmain[0;39m] [33morg.apache.juli.logging.DirectJDKLog[0;39m: Initializing ProtocolHandler ["http-nio-9090"]
[30m2020-12-10 09:15:22,487[0;39m [34mINFO [0;39m [[34mmain[0;39m] [33morg.apache.juli.logging.DirectJDKLog[0;39m: Starting service [Tomcat]
[30m2020-12-10 09:15:22,488[0;39m [34mINFO [0;39m [[34mmain[0;39m] [33morg.apache.juli.logging.DirectJDKLog[0;39m: Starting Servlet engine: [Apache Tomcat/9.0.38]
[30m2020-12-10 09:15:22,866[0;39m [34mINFO [0;39m [[34mmain[0;39m] [33morg.apache.juli.logging.DirectJDKLog[0;39m: Initializing Spring embedded WebApplicationContext
[30m2020-12-10 09:15:22,870[0;39m [34mINFO [0;39m [[34mmain[0;39m] [33morg.springframework.boot.web.servlet.context.ServletWebServerApplicationContext[0;39m: Root WebApplicationContext: initialization completed in 4567 ms
[30m2020-12-10 09:15:23,875[0;39m [34mINFO [0;39m [[34mmain[0;39m] [33morg.hibernate.Version[0;39m: HHH000412: Hibernate ORM core version 5.4.21.Final
[30m2020-12-10 09:16:06,804[0;39m [34mINFO [0;39m [[34mmain[0;39m] [33morg.hibernate.annotations.common.reflection.java.JavaReflectionManager[0;39m: HCANN000001: Hibernate Commons Annotations {5.1.0.Final}
[30m2020-12-10 09:16:07,727[0;39m [34mINFO [0;39m [[34mmain[0;39m] [33morg.hibernate.dialect.Dialect[0;39m: HHH000400: Using dialect: org.hibernate.dialect.PostgreSQL82Dialect
[30m2020-12-10 09:16:15,376[0;39m [34mINFO [0;39m [[34mmain[0;39m] [33morg.hibernate.engine.transaction.jta.platform.internal.JtaPlatformInitiator[0;39m: HHH000490: Using JtaPlatform implementation: [org.hibernate.engine.transaction.jta.platform.internal.NoJtaPlatform]
[30m2020-12-10 09:16:16,417[0;39m [34mINFO [0;39m [[34mmain[0;39m] [33morg.springframework.security.web.DefaultSecurityFilterChain[0;39m: Creating filter chain: any request, [org.springframework.security.web.context.request.async.WebAsyncManagerIntegrationFilter@5d558327, org.springframework.security.web.context.SecurityContextPersistenceFilter@16fe89c7, org.springframework.security.web.header.HeaderWriterFilter@108e7621, org.springframework.security.web.authentication.logout.LogoutFilter@5219914d, org.springframework.security.web.savedrequest.RequestCacheAwareFilter@3b3cdda1, org.springframework.security.web.servletapi.SecurityContextHolderAwareRequestFilter@708ee68b, org.springframework.security.web.authentication.AnonymousAuthenticationFilter@44e9e93, org.springframework.security.web.session.SessionManagementFilter@655f430d, org.springframework.security.web.access.ExceptionTranslationFilter@20035168, org.springframework.security.web.access.intercept.FilterSecurityInterceptor@14ae987]
[30m2020-12-10 09:16:17,229[0;39m [34mINFO [0;39m [[34mmain[0;39m] [33morg.springframework.scheduling.concurrent.ExecutorConfigurationSupport[0;39m: Initializing ExecutorService 'applicationTaskExecutor'
[30m2020-12-10 09:16:17,862[0;39m [31mWARN [0;39m [[34mmain[0;39m] [33morg.springframework.boot.autoconfigure.thymeleaf.ThymeleafAutoConfiguration$DefaultTemplateResolverConfiguration[0;39m: Cannot find template location: classpath:/templates/ (please add some templates or check your Thymeleaf configuration)
[30m2020-12-10 09:16:18,203[0;39m [34mINFO [0;39m [[34mmain[0;39m] [33morg.apache.juli.logging.DirectJDKLog[0;39m: Starting ProtocolHandler ["http-nio-9090"]
[30m2020-12-10 09:16:18,312[0;39m [34mINFO [0;39m [[34mmain[0;39m] [33morg.springframework.boot.web.embedded.tomcat.TomcatWebServer[0;39m: Tomcat started on port(s): 9090 (http) with context path ''
[30m2020-12-10 09:16:18,330[0;39m [34mINFO [0;39m [[34mmain[0;39m] [33morg.springframework.data.repository.config.DeferredRepositoryInitializationListener[0;39m: Triggering deferred initialization of Spring Data repositories…
[30m2020-12-10 09:16:18,333[0;39m [34mINFO [0;39m [[34mmain[0;39m] [33morg.springframework.data.repository.config.DeferredRepositoryInitializationListener[0;39m: Spring Data repositories initialized!
[30m2020-12-10 09:16:18,372[0;39m [34mINFO [0;39m [[34mmain[0;39m] [33morg.springframework.boot.StartupInfoLogger[0;39m: Started InternetBankingApplication in 62.063 seconds (JVM running for 65.419)
[30m2020-12-10 09:18:38,117[0;39m [34mINFO [0;39m [[34mRMI TCP Connection(6)-127.0.0.1[0;39m] [33morg.springframework.boot.admin.SpringApplicationAdminMXBeanRegistrar$SpringApplicationAdmin[0;39m: Application shutdown requested.
[30m2020-12-10 09:18:38,211[0;39m [34mINFO [0;39m [[34mRMI TCP Connection(6)-127.0.0.1[0;39m] [33morg.springframework.scheduling.concurrent.ExecutorConfigurationSupport[0;39m: Shutting down ExecutorService 'applicationTaskExecutor'
[30m2020-12-10 09:19:30,162[0;39m [34mINFO [0;39m [[34mmain[0;39m] [33morg.springframework.boot.StartupInfoLogger[0;39m: Starting InternetBankingApplication on Lenovo-PC with PID 6068 (C:\Users\Suresh\Downloads\Eclipse_workspace\InternetBanking\InternetBanking\target\classes started by Suresh in C:\Users\Suresh\Downloads\Eclipse_workspace\InternetBanking\InternetBanking)
[30m2020-12-10 09:19:30,172[0;39m [34mINFO [0;39m [[34mmain[0;39m] [33morg.springframework.boot.SpringApplication[0;39m: No active profile set, falling back to default profiles: default
[30m2020-12-10 09:19:31,966[0;39m [34mINFO [0;39m [[34mmain[0;39m] [33morg.springframework.data.repository.config.RepositoryConfigurationDelegate[0;39m: Bootstrapping Spring Data JPA repositories in DEFERRED mode.
[30m2020-12-10 09:19:32,062[0;39m [34mINFO [0;39m [[34mmain[0;39m] [33morg.springframework.data.repository.config.RepositoryConfigurationDelegate[0;39m: Finished Spring Data repository scanning in 81ms. Found 0 JPA repository interfaces.
[30m2020-12-10 09:19:33,400[0;39m [34mINFO [0;39m [[34mmain[0;39m] [33morg.springframework.boot.web.embedded.tomcat.TomcatWebServer[0;39m: Tomcat initialized with port(s): 9090 (http)
[30m2020-12-10 09:19:33,440[0;39m [34mINFO [0;39m [[34mmain[0;39m] [33morg.apache.juli.logging.DirectJDKLog[0;39m: Initializing ProtocolHandler ["http-nio-9090"]
[30m2020-12-10 09:19:33,441[0;39m [34mINFO [0;39m [[34mmain[0;39m] [33morg.apache.juli.logging.DirectJDKLog[0;39m: Starting service [Tomcat]
[30m2020-12-10 09:19:33,442[0;39m [34mINFO [0;39m [[34mmain[0;39m] [33morg.apache.juli.logging.DirectJDKLog[0;39m: Starting Servlet engine: [Apache Tomcat/9.0.38]
[30m2020-12-10 09:19:33,758[0;39m [34mINFO [0;39m [[34mmain[0;39m] [33morg.apache.juli.logging.DirectJDKLog[0;39m: Initializing Spring embedded WebApplicationContext
[30m2020-12-10 09:19:33,759[0;39m [34mINFO [0;39m [[34mmain[0;39m] [33morg.springframework.boot.web.servlet.context.ServletWebServerApplicationContext[0;39m: Root WebApplicationContext: initialization completed in 3410 ms
[30m2020-12-10 09:19:34,313[0;39m [34mINFO [0;39m [[34mmain[0;39m] [33morg.hibernate.Version[0;39m: HHH000412: Hibernate ORM core version 5.4.21.Final
[30m2020-12-10 09:20:05,226[0;39m [34mINFO [0;39m [[34mmain[0;39m] [33morg.hibernate.annotations.common.reflection.java.JavaReflectionManager[0;39m: HCANN000001: Hibernate Commons Annotations {5.1.0.Final}
[30m2020-12-10 09:20:05,802[0;39m [34mINFO [0;39m [[34mmain[0;39m] [33morg.hibernate.dialect.Dialect[0;39m: HHH000400: Using dialect: org.hibernate.dialect.PostgreSQL82Dialect
[30m2020-12-10 09:20:10,079[0;39m [34mINFO [0;39m [[34mmain[0;39m] [33morg.hibernate.engine.transaction.jta.platform.internal.JtaPlatformInitiator[0;39m: HHH000490: Using JtaPlatform implementation: [org.hibernate.engine.transaction.jta.platform.internal.NoJtaPlatform]
[30m2020-12-10 09:20:10,810[0;39m [34mINFO [0;39m [[34mmain[0;39m] [33morg.springframework.security.web.DefaultSecurityFilterChain[0;39m: Creating filter chain: any request, [org.springframework.security.web.context.request.async.WebAsyncManagerIntegrationFilter@13ae38b0, org.springframework.security.web.context.SecurityContextPersistenceFilter@49388c07, org.springframework.security.web.header.HeaderWriterFilter@74cce8b7, org.springframework.security.web.authentication.logout.LogoutFilter@3b3cdda1, org.springframework.security.web.savedrequest.RequestCacheAwareFilter@5949bb6b, org.springframework.security.web.servletapi.SecurityContextHolderAwareRequestFilter@6fb0af3a, org.springframework.security.web.authentication.AnonymousAuthenticationFilter@76fc024, org.springframework.security.web.session.SessionManagementFilter@661d298b, org.springframework.security.web.access.ExceptionTranslationFilter@2bf308d5, org.springframework.security.web.access.intercept.FilterSecurityInterceptor@f2e5d98]
[30m2020-12-10 09:20:11,207[0;39m [34mINFO [0;39m [[34mmain[0;39m] [33morg.springframework.scheduling.concurrent.ExecutorConfigurationSupport[0;39m: Initializing ExecutorService 'applicationTaskExecutor'
[30m2020-12-10 09:20:11,922[0;39m [31mWARN [0;39m [[34mmain[0;39m] [33morg.springframework.boot.autoconfigure.thymeleaf.ThymeleafAutoConfiguration$DefaultTemplateResolverConfiguration[0;39m: Cannot find template location: classpath:/templates/ (please add some templates or check your Thymeleaf configuration)
[30m2020-12-10 09:20:12,167[0;39m [34mINFO [0;39m [[34mmain[0;39m] [33morg.apache.juli.logging.DirectJDKLog[0;39m: Starting ProtocolHandler ["http-nio-9090"]
[30m2020-12-10 09:20:12,289[0;39m [34mINFO [0;39m [[34mmain[0;39m] [33morg.springframework.boot.web.embedded.tomcat.TomcatWebServer[0;39m: Tomcat started on port(s): 9090 (http) with context path ''
[30m2020-12-10 09:20:12,297[0;39m [34mINFO [0;39m [[34mmain[0;39m] [33morg.springframework.data.repository.config.DeferredRepositoryInitializationListener[0;39m: Triggering deferred initialization of Spring Data repositories…
[30m2020-12-10 09:20:12,298[0;39m [34mINFO [0;39m [[34mmain[0;39m] [33morg.springframework.data.repository.config.DeferredRepositoryInitializationListener[0;39m: Spring Data repositories initialized!
[30m2020-12-10 09:20:12,346[0;39m [34mINFO [0;39m [[34mmain[0;39m] [33morg.springframework.boot.StartupInfoLogger[0;39m: Started InternetBankingApplication in 43.664 seconds (JVM running for 47.553)
[30m2020-12-10 09:22:19,633[0;39m [34mINFO [0;39m [[34mRMI TCP Connection(6)-127.0.0.1[0;39m] [33morg.springframework.boot.admin.SpringApplicationAdminMXBeanRegistrar$SpringApplicationAdmin[0;39m: Application shutdown requested.
[30m2020-12-10 09:22:19,724[0;39m [34mINFO [0;39m [[34mRMI TCP Connection(6)-127.0.0.1[0;39m] [33morg.springframework.scheduling.concurrent.ExecutorConfigurationSupport[0;39m: Shutting down ExecutorService 'applicationTaskExecutor'
